<?xml version="1.0" encoding="UTF-8"?>
<testsuites name="TSuite01_Positive" time="39.702" tests="5" failures="0" errors="0">
   <testsuite name="TSuite01_Positive" tests="5" failures="0" errors="0" time="39.702" skipped="0" timestamp="2023-05-27 20:25:05" hostname="Danang - DESKTOP-V3UDJBC" id="Test Suites/TSuite01_Positive">
      <properties>
         <property name="deviceName" value=""/>
         <property name="devicePlatform" value=""/>
         <property name="logFolder" value="D:\\Program Files\\Katalon\\Katalon Projects\\TaskDay5_KatalonDataDrivenTesting_DendyIndriyoSaputro\\Reports\\20230527_202504\\TSuite01_Positive\\20230527_202504"/>
         <property name="logFiles" value="D:\\Program Files\\Katalon\\Katalon Projects\\TaskDay5_KatalonDataDrivenTesting_DendyIndriyoSaputro\\Reports\\20230527_202504\\TSuite01_Positive\\20230527_202504\\execution0.log"/>
         <property name="attachments" value=""/>
         <property name="hostName" value="Danang - DESKTOP-V3UDJBC"/>
         <property name="os" value="Windows 10 64bit"/>
         <property name="katalonVersion" value="8.6.0.208"/>
         <property name="browser" value="Chrome 113.0.0.0"/>
         <property name="hostAddress" value="192.168.100.4"/>
         <property name="sessionId" value="68f84a09cb6bfe250bee443b5d66cb59"/>
         <property name="seleniumVersion" value="3.141.59"/>
         <property name="proxyInformation" value="ProxyInformation { proxyOption=NO_PROXY, proxyServerType=HTTP, username=, password=********, proxyServerAddress=, proxyServerPort=0, executionList=&quot;&quot;, isApplyToDesiredCapabilities=true }"/>
         <property name="platform" value="Windows 10"/>
      </properties>
      <testcase name="Test Cases/TS_01_Login/TC_01_Login using standardUser Username_Positive" time="4.753" classname="Test Cases/TS_01_Login/TC_01_Login using standardUser Username_Positive" status="PASSED">
         <system-out><![CDATA[2023-05-27 20:25:05 - [TEST_CASE][PASSED] - Test Cases/TS_01_Login/TC_01_Login using standardUser Username_Positive: Test Cases/TS_01_Login/TC_01_Login using standardUser Username_Positive

2023-05-27 20:25:06 - [TEST_STEP][PASSED] - openBrowser(""): Browser is opened with url: ''

2023-05-27 20:25:06 - [MESSAGE][INFO] - Starting 'Chrome' driver

2023-05-27 20:25:06 - [MESSAGE][INFO] - Action delay is set to 0 milliseconds

2023-05-27 20:25:08 - [MESSAGE][PASSED] - Browser is opened with url: ''

2023-05-27 20:25:08 - [TEST_STEP][PASSED] - navigateToUrl("https://www.saucedemo.com/"): Navigate to 'https://www.saucedemo.com/' successfully

2023-05-27 20:25:08 - [MESSAGE][PASSED] - Navigate to 'https://www.saucedemo.com/' successfully

2023-05-27 20:25:08 - [TEST_STEP][PASSED] - setText(findTestObject("Login_Swag Labs/input_Swag Labs_user-name"), username): Text 'standard_user' is set on object 'Object Repository/Login_Swag Labs/input_Swag Labs_user-name'

2023-05-27 20:25:09 - [MESSAGE][PASSED] - Text 'standard_user' is set on object 'Object Repository/Login_Swag Labs/input_Swag Labs_user-name'

2023-05-27 20:25:09 - [TEST_STEP][PASSED] - setEncryptedText(findTestObject("Login_Swag Labs/input_Swag Labs_password"), password): Text ****** has been set on object 'Object Repository/Login_Swag Labs/input_Swag Labs_password'

2023-05-27 20:25:09 - [MESSAGE][PASSED] - Text ****** has been set on object 'Object Repository/Login_Swag Labs/input_Swag Labs_password'

2023-05-27 20:25:09 - [TEST_STEP][PASSED] - click(findTestObject("Object Repository/Login_Swag Labs/input_Swag Labs_login-button")): Object: 'Object Repository/Login_Swag Labs/input_Swag Labs_login-button' is clicked on

2023-05-27 20:25:10 - [MESSAGE][PASSED] - Object: 'Object Repository/Login_Swag Labs/input_Swag Labs_login-button' is clicked on

2023-05-27 20:25:10 - [TEST_STEP][PASSED] - verifyElementText(findTestObject("Main_Swag Labs/div_Swag Labs"), "Swag Labs"): Actual text and expected text of test object 'Object Repository/Main_Swag Labs/div_Swag Labs' are matched.

2023-05-27 20:25:10 - [MESSAGE][PASSED] - Actual text and expected text of test object 'Object Repository/Main_Swag Labs/div_Swag Labs' are matched.]]></system-out>
         <system-err><![CDATA[]]></system-err>
      </testcase>
      <testcase name="Test Cases/TS_01_Login/TC_03_Login using problemUser Username_Positive" time="4.388" classname="Test Cases/TS_01_Login/TC_03_Login using problemUser Username_Positive" status="PASSED">
         <system-out><![CDATA[2023-05-27 20:25:10 - [TEST_CASE][PASSED] - Test Cases/TS_01_Login/TC_03_Login using problemUser Username_Positive: Test Cases/TS_01_Login/TC_03_Login using problemUser Username_Positive

2023-05-27 20:25:10 - [TEST_STEP][PASSED] - openBrowser(""): Browser is opened with url: ''

2023-05-27 20:25:10 - [MESSAGE][WARNING] - A browser is already opened. Closing browser and opening a new one

2023-05-27 20:25:11 - [MESSAGE][INFO] - Starting 'Chrome' driver

2023-05-27 20:25:11 - [MESSAGE][INFO] - Action delay is set to 0 milliseconds

2023-05-27 20:25:12 - [MESSAGE][PASSED] - Browser is opened with url: ''

2023-05-27 20:25:12 - [TEST_STEP][PASSED] - navigateToUrl("https://www.saucedemo.com/"): Navigate to 'https://www.saucedemo.com/' successfully

2023-05-27 20:25:13 - [MESSAGE][PASSED] - Navigate to 'https://www.saucedemo.com/' successfully

2023-05-27 20:25:13 - [TEST_STEP][PASSED] - setText(findTestObject("Object Repository/Login_Swag Labs/input_Swag Labs_user-name"), username): Text 'problem_user' is set on object 'Object Repository/Login_Swag Labs/input_Swag Labs_user-name'

2023-05-27 20:25:13 - [MESSAGE][PASSED] - Text 'problem_user' is set on object 'Object Repository/Login_Swag Labs/input_Swag Labs_user-name'

2023-05-27 20:25:13 - [TEST_STEP][PASSED] - setEncryptedText(findTestObject("Object Repository/Login_Swag Labs/input_Swag Labs_password"), password): Text ****** has been set on object 'Object Repository/Login_Swag Labs/input_Swag Labs_password'

2023-05-27 20:25:14 - [MESSAGE][PASSED] - Text ****** has been set on object 'Object Repository/Login_Swag Labs/input_Swag Labs_password'

2023-05-27 20:25:14 - [TEST_STEP][PASSED] - click(findTestObject("Object Repository/Login_Swag Labs/input_Swag Labs_login-button")): Object: 'Object Repository/Login_Swag Labs/input_Swag Labs_login-button' is clicked on

2023-05-27 20:25:14 - [MESSAGE][PASSED] - Object: 'Object Repository/Login_Swag Labs/input_Swag Labs_login-button' is clicked on

2023-05-27 20:25:14 - [TEST_STEP][PASSED] - verifyElementText(findTestObject("Main_Swag Labs/div_Swag Labs"), "Swag Labs"): Actual text and expected text of test object 'Object Repository/Main_Swag Labs/div_Swag Labs' are matched.

2023-05-27 20:25:15 - [MESSAGE][PASSED] - Actual text and expected text of test object 'Object Repository/Main_Swag Labs/div_Swag Labs' are matched.]]></system-out>
         <system-err><![CDATA[]]></system-err>
      </testcase>
      <testcase name="Test Cases/TS_01_Login/TC_04_Login using performanceGlitchUser Username_Positive" time="9.492" classname="Test Cases/TS_01_Login/TC_04_Login using performanceGlitchUser Username_Positive" status="PASSED">
         <system-out><![CDATA[2023-05-27 20:25:15 - [TEST_CASE][PASSED] - Test Cases/TS_01_Login/TC_04_Login using performanceGlitchUser Username_Positive: Test Cases/TS_01_Login/TC_04_Login using performanceGlitchUser Username_Positive

2023-05-27 20:25:15 - [TEST_STEP][PASSED] - openBrowser(""): Browser is opened with url: ''

2023-05-27 20:25:15 - [MESSAGE][WARNING] - A browser is already opened. Closing browser and opening a new one

2023-05-27 20:25:15 - [MESSAGE][INFO] - Starting 'Chrome' driver

2023-05-27 20:25:15 - [MESSAGE][INFO] - Action delay is set to 0 milliseconds

2023-05-27 20:25:17 - [MESSAGE][PASSED] - Browser is opened with url: ''

2023-05-27 20:25:17 - [TEST_STEP][PASSED] - navigateToUrl("https://www.saucedemo.com/"): Navigate to 'https://www.saucedemo.com/' successfully

2023-05-27 20:25:17 - [MESSAGE][PASSED] - Navigate to 'https://www.saucedemo.com/' successfully

2023-05-27 20:25:17 - [TEST_STEP][PASSED] - setText(findTestObject("Login_Swag Labs/input_Swag Labs_user-name"), username): Text 'performance_glitch_user' is set on object 'Object Repository/Login_Swag Labs/input_Swag Labs_user-name'

2023-05-27 20:25:18 - [MESSAGE][PASSED] - Text 'performance_glitch_user' is set on object 'Object Repository/Login_Swag Labs/input_Swag Labs_user-name'

2023-05-27 20:25:18 - [TEST_STEP][PASSED] - setEncryptedText(findTestObject("Login_Swag Labs/input_Swag Labs_password"), password): Text ****** has been set on object 'Object Repository/Login_Swag Labs/input_Swag Labs_password'

2023-05-27 20:25:18 - [MESSAGE][PASSED] - Text ****** has been set on object 'Object Repository/Login_Swag Labs/input_Swag Labs_password'

2023-05-27 20:25:18 - [TEST_STEP][PASSED] - click(findTestObject("Login_Swag Labs/input_Swag Labs_login-button")): Object: 'Object Repository/Login_Swag Labs/input_Swag Labs_login-button' is clicked on

2023-05-27 20:25:24 - [MESSAGE][PASSED] - Object: 'Object Repository/Login_Swag Labs/input_Swag Labs_login-button' is clicked on

2023-05-27 20:25:24 - [TEST_STEP][PASSED] - verifyElementText(findTestObject("Main_Swag Labs/div_Swag Labs"), "Swag Labs"): Actual text and expected text of test object 'Object Repository/Main_Swag Labs/div_Swag Labs' are matched.

2023-05-27 20:25:24 - [MESSAGE][PASSED] - Actual text and expected text of test object 'Object Repository/Main_Swag Labs/div_Swag Labs' are matched.]]></system-out>
         <system-err><![CDATA[]]></system-err>
      </testcase>
      <testcase name="Test Cases/TS_02_Cart/TC_05_Adding and removing cart objects using standardUser_Positive" time="9.839" classname="Test Cases/TS_02_Cart/TC_05_Adding and removing cart objects using standardUser_Positive" status="PASSED">
         <system-out><![CDATA[2023-05-27 20:25:24 - [TEST_CASE][PASSED] - Test Cases/TS_02_Cart/TC_05_Adding and removing cart objects using standardUser_Positive: Test Cases/TS_02_Cart/TC_05_Adding and removing cart objects using standardUser_Positive

2023-05-27 20:25:24 - [TEST_STEP][PASSED] - openBrowser(""): Browser is opened with url: ''

2023-05-27 20:25:24 - [MESSAGE][WARNING] - A browser is already opened. Closing browser and opening a new one

2023-05-27 20:25:25 - [MESSAGE][INFO] - Starting 'Chrome' driver

2023-05-27 20:25:25 - [MESSAGE][INFO] - Action delay is set to 0 milliseconds

2023-05-27 20:25:26 - [MESSAGE][PASSED] - Browser is opened with url: ''

2023-05-27 20:25:26 - [TEST_STEP][PASSED] - navigateToUrl("https://www.saucedemo.com/"): Navigate to 'https://www.saucedemo.com/' successfully

2023-05-27 20:25:27 - [MESSAGE][PASSED] - Navigate to 'https://www.saucedemo.com/' successfully

2023-05-27 20:25:27 - [TEST_STEP][PASSED] - setText(findTestObject("Login_Swag Labs/input_Swag Labs_user-name"), username): Text 'standard_user' is set on object 'Object Repository/Login_Swag Labs/input_Swag Labs_user-name'

2023-05-27 20:25:27 - [MESSAGE][PASSED] - Text 'standard_user' is set on object 'Object Repository/Login_Swag Labs/input_Swag Labs_user-name'

2023-05-27 20:25:27 - [TEST_STEP][PASSED] - setEncryptedText(findTestObject("Login_Swag Labs/input_Swag Labs_password"), password): Text ****** has been set on object 'Object Repository/Login_Swag Labs/input_Swag Labs_password'

2023-05-27 20:25:28 - [MESSAGE][PASSED] - Text ****** has been set on object 'Object Repository/Login_Swag Labs/input_Swag Labs_password'

2023-05-27 20:25:28 - [TEST_STEP][PASSED] - click(findTestObject("Login_Swag Labs/input_Swag Labs_login-button")): Object: 'Object Repository/Login_Swag Labs/input_Swag Labs_login-button' is clicked on

2023-05-27 20:25:28 - [MESSAGE][PASSED] - Object: 'Object Repository/Login_Swag Labs/input_Swag Labs_login-button' is clicked on

2023-05-27 20:25:28 - [TEST_STEP][PASSED] - click(findTestObject("Object Repository/Main_Swag Labs/button_Add to cart")): Object: 'Object Repository/Main_Swag Labs/button_Add to cart' is clicked on

2023-05-27 20:25:29 - [MESSAGE][PASSED] - Object: 'Object Repository/Main_Swag Labs/button_Add to cart' is clicked on

2023-05-27 20:25:29 - [TEST_STEP][PASSED] - click(findTestObject("Object Repository/Main_Swag Labs/button_Add to cart_1")): Object: 'Object Repository/Main_Swag Labs/button_Add to cart_1' is clicked on

2023-05-27 20:25:29 - [MESSAGE][PASSED] - Object: 'Object Repository/Main_Swag Labs/button_Add to cart_1' is clicked on

2023-05-27 20:25:29 - [TEST_STEP][PASSED] - click(findTestObject("Object Repository/Main_Swag Labs/button_Add to cart_1_2")): Object: 'Object Repository/Main_Swag Labs/button_Add to cart_1_2' is clicked on

2023-05-27 20:25:30 - [MESSAGE][PASSED] - Object: 'Object Repository/Main_Swag Labs/button_Add to cart_1_2' is clicked on

2023-05-27 20:25:30 - [TEST_STEP][PASSED] - click(findTestObject("Main_Swag Labs/icon_shoppingCart")): Object: 'Object Repository/Main_Swag Labs/icon_shoppingCart' is clicked on

2023-05-27 20:25:30 - [MESSAGE][PASSED] - Object: 'Object Repository/Main_Swag Labs/icon_shoppingCart' is clicked on

2023-05-27 20:25:30 - [TEST_STEP][PASSED] - click(findTestObject("Object Repository/Cart_Swag Labs/button_Remove")): Object: 'Object Repository/Cart_Swag Labs/button_Remove' is clicked on

2023-05-27 20:25:31 - [MESSAGE][PASSED] - Object: 'Object Repository/Cart_Swag Labs/button_Remove' is clicked on

2023-05-27 20:25:31 - [TEST_STEP][PASSED] - click(findTestObject("Object Repository/Cart_Swag Labs/button_Remove_1")): Object: 'Object Repository/Cart_Swag Labs/button_Remove_1' is clicked on

2023-05-27 20:25:31 - [MESSAGE][PASSED] - Object: 'Object Repository/Cart_Swag Labs/button_Remove_1' is clicked on

2023-05-27 20:25:31 - [TEST_STEP][PASSED] - click(findTestObject("Object Repository/Cart_Swag Labs/button_Remove_1_2")): Object: 'Object Repository/Cart_Swag Labs/button_Remove_1_2' is clicked on

2023-05-27 20:25:33 - [MESSAGE][INFO] - Unable to find the element located by 'By.xpath: //button[@id='remove-sauce-labs-bolt-t-shirt']'. Please recheck the objects properties to make sure the desired element is located. 

2023-05-27 20:25:33 - [MESSAGE][WARNING] - [SELF-HEALING] Failed to find element with id 'Object Repository/Cart_Swag Labs/button_Remove_1_2'. Try using Self-healing.

2023-05-27 20:25:33 - [MESSAGE][WARNING] - [SELF-HEALING] The current locator of test object 'Object Repository/Cart_Swag Labs/button_Remove_1_2' was broken. Propose an alternative one: '//div[@id='cart_contents_container']/div/div/div[5]/div[2]/div[2]/button'.

2023-05-27 20:25:33 - [MESSAGE][PASSED] - Object: 'Object Repository/Cart_Swag Labs/button_Remove_1_2' is clicked on

2023-05-27 20:25:33 - [TEST_STEP][PASSED] - click(findTestObject("Cart_Swag Labs/button_Continue Shopping")): Object: 'Object Repository/Cart_Swag Labs/button_Continue Shopping' is clicked on

2023-05-27 20:25:33 - [MESSAGE][PASSED] - Object: 'Object Repository/Cart_Swag Labs/button_Continue Shopping' is clicked on

2023-05-27 20:25:33 - [TEST_STEP][PASSED] - verifyElementText(findTestObject("Main_Swag Labs/div_Swag Labs"), "Swag Labs"): Actual text and expected text of test object 'Object Repository/Main_Swag Labs/div_Swag Labs' are matched.

2023-05-27 20:25:34 - [MESSAGE][PASSED] - Actual text and expected text of test object 'Object Repository/Main_Swag Labs/div_Swag Labs' are matched.]]></system-out>
         <system-err><![CDATA[]]></system-err>
      </testcase>
      <testcase name="Test Cases/TS_03_Checkout/TC_06_Checkout using standardUser_Positive" time="11.045" classname="Test Cases/TS_03_Checkout/TC_06_Checkout using standardUser_Positive" status="PASSED">
         <system-out><![CDATA[2023-05-27 20:25:34 - [TEST_CASE][PASSED] - Test Cases/TS_03_Checkout/TC_06_Checkout using standardUser_Positive: Test Cases/TS_03_Checkout/TC_06_Checkout using standardUser_Positive

2023-05-27 20:25:34 - [TEST_STEP][PASSED] - openBrowser(""): Browser is opened with url: ''

2023-05-27 20:25:34 - [MESSAGE][WARNING] - A browser is already opened. Closing browser and opening a new one

2023-05-27 20:25:35 - [MESSAGE][INFO] - Starting 'Chrome' driver

2023-05-27 20:25:35 - [MESSAGE][INFO] - Action delay is set to 0 milliseconds

2023-05-27 20:25:36 - [MESSAGE][PASSED] - Browser is opened with url: ''

2023-05-27 20:25:36 - [TEST_STEP][PASSED] - navigateToUrl("https://www.saucedemo.com/"): Navigate to 'https://www.saucedemo.com/' successfully

2023-05-27 20:25:36 - [MESSAGE][PASSED] - Navigate to 'https://www.saucedemo.com/' successfully

2023-05-27 20:25:36 - [TEST_STEP][PASSED] - setText(findTestObject("Login_Swag Labs/input_Swag Labs_user-name"), username): Text 'standard_user' is set on object 'Object Repository/Login_Swag Labs/input_Swag Labs_user-name'

2023-05-27 20:25:37 - [MESSAGE][PASSED] - Text 'standard_user' is set on object 'Object Repository/Login_Swag Labs/input_Swag Labs_user-name'

2023-05-27 20:25:37 - [TEST_STEP][PASSED] - setEncryptedText(findTestObject("Login_Swag Labs/input_Swag Labs_password"), password): Text ****** has been set on object 'Object Repository/Login_Swag Labs/input_Swag Labs_password'

2023-05-27 20:25:38 - [MESSAGE][PASSED] - Text ****** has been set on object 'Object Repository/Login_Swag Labs/input_Swag Labs_password'

2023-05-27 20:25:38 - [TEST_STEP][PASSED] - click(findTestObject("Login_Swag Labs/input_Swag Labs_login-button")): Object: 'Object Repository/Login_Swag Labs/input_Swag Labs_login-button' is clicked on

2023-05-27 20:25:38 - [MESSAGE][PASSED] - Object: 'Object Repository/Login_Swag Labs/input_Swag Labs_login-button' is clicked on

2023-05-27 20:25:38 - [TEST_STEP][PASSED] - click(findTestObject("Main_Swag Labs/button_Add to cart")): Object: 'Object Repository/Main_Swag Labs/button_Add to cart' is clicked on

2023-05-27 20:25:38 - [MESSAGE][PASSED] - Object: 'Object Repository/Main_Swag Labs/button_Add to cart' is clicked on

2023-05-27 20:25:38 - [TEST_STEP][PASSED] - click(findTestObject("Main_Swag Labs/button_Add to cart_1")): Object: 'Object Repository/Main_Swag Labs/button_Add to cart_1' is clicked on

2023-05-27 20:25:39 - [MESSAGE][PASSED] - Object: 'Object Repository/Main_Swag Labs/button_Add to cart_1' is clicked on

2023-05-27 20:25:39 - [TEST_STEP][PASSED] - click(findTestObject("Main_Swag Labs/button_Add to cart_1_2")): Object: 'Object Repository/Main_Swag Labs/button_Add to cart_1_2' is clicked on

2023-05-27 20:25:39 - [MESSAGE][PASSED] - Object: 'Object Repository/Main_Swag Labs/button_Add to cart_1_2' is clicked on

2023-05-27 20:25:39 - [TEST_STEP][PASSED] - click(findTestObject("Main_Swag Labs/icon_shoppingCart")): Object: 'Object Repository/Main_Swag Labs/icon_shoppingCart' is clicked on

2023-05-27 20:25:40 - [MESSAGE][PASSED] - Object: 'Object Repository/Main_Swag Labs/icon_shoppingCart' is clicked on

2023-05-27 20:25:40 - [TEST_STEP][PASSED] - click(findTestObject("Checkout_Swag Labs/button_Checkout")): Object: 'Object Repository/Checkout_Swag Labs/button_Checkout' is clicked on

2023-05-27 20:25:41 - [MESSAGE][PASSED] - Object: 'Object Repository/Checkout_Swag Labs/button_Checkout' is clicked on

2023-05-27 20:25:41 - [TEST_STEP][PASSED] - setText(findTestObject("Object Repository/Checkout_Swag Labs/input_Checkout Your Information_firstName"), firstName): Text 'Abdul' is set on object 'Object Repository/Checkout_Swag Labs/input_Checkout Your Information_firstName'

2023-05-27 20:25:41 - [MESSAGE][PASSED] - Text 'Abdul' is set on object 'Object Repository/Checkout_Swag Labs/input_Checkout Your Information_firstName'

2023-05-27 20:25:41 - [TEST_STEP][PASSED] - setText(findTestObject("Object Repository/Checkout_Swag Labs/input_Checkout Your Information_lastName"), lastName): Text 'Budi' is set on object 'Object Repository/Checkout_Swag Labs/input_Checkout Your Information_lastName'

2023-05-27 20:25:42 - [MESSAGE][PASSED] - Text 'Budi' is set on object 'Object Repository/Checkout_Swag Labs/input_Checkout Your Information_lastName'

2023-05-27 20:25:42 - [TEST_STEP][PASSED] - setText(findTestObject("Object Repository/Checkout_Swag Labs/input_Checkout Your Information_postalCode"), postalCode): Text '12345' is set on object 'Object Repository/Checkout_Swag Labs/input_Checkout Your Information_postalCode'

2023-05-27 20:25:43 - [MESSAGE][PASSED] - Text '12345' is set on object 'Object Repository/Checkout_Swag Labs/input_Checkout Your Information_postalCode'

2023-05-27 20:25:43 - [TEST_STEP][PASSED] - click(findTestObject("Object Repository/Checkout_Swag Labs/input_Cancel_continue")): Object: 'Object Repository/Checkout_Swag Labs/input_Cancel_continue' is clicked on

2023-05-27 20:25:44 - [MESSAGE][PASSED] - Object: 'Object Repository/Checkout_Swag Labs/input_Cancel_continue' is clicked on

2023-05-27 20:25:44 - [TEST_STEP][PASSED] - click(findTestObject("Object Repository/Checkout_Swag Labs/button_Finish")): Object: 'Object Repository/Checkout_Swag Labs/button_Finish' is clicked on

2023-05-27 20:25:44 - [MESSAGE][PASSED] - Object: 'Object Repository/Checkout_Swag Labs/button_Finish' is clicked on

2023-05-27 20:25:44 - [TEST_STEP][PASSED] - verifyElementText(findTestObject("Object Repository/Checkout_Swag Labs/h2_Thank you for your order"), "Thank you for your order!"): Actual text and expected text of test object 'Object Repository/Checkout_Swag Labs/h2_Thank you for your order' are matched.

2023-05-27 20:25:45 - [MESSAGE][PASSED] - Actual text and expected text of test object 'Object Repository/Checkout_Swag Labs/h2_Thank you for your order' are matched.]]></system-out>
         <system-err><![CDATA[]]></system-err>
      </testcase>
      <system-out><![CDATA[2023-05-27 20:25:05 - [TEST_SUITE][PASSED] - TSuite01_Positive: Test Cases/TS_03_Checkout/TC_06_Checkout using standardUser_Positive]]></system-out>
      <system-err><![CDATA[]]></system-err>
   </testsuite>
</testsuites>
