<?xml version="1.0" encoding="UTF-8"?>
<testsuites name="TSuite02_Negative" time="16.138" tests="2" failures="0" errors="0">
   <testsuite name="TSuite02_Negative" tests="2" failures="0" errors="0" time="16.138" skipped="0" timestamp="2023-05-27 20:57:15" hostname="Danang - DESKTOP-V3UDJBC" id="Test Suites/TSuite02_Negative">
      <properties>
         <property name="deviceName" value=""/>
         <property name="devicePlatform" value=""/>
         <property name="logFolder" value="D:\\Program Files\\Katalon\\Katalon Projects\\TaskDay5_KatalonDataDrivenTesting_DendyIndriyoSaputro\\Reports\\20230527_205714\\TSuite02_Negative\\20230527_205714"/>
         <property name="logFiles" value="D:\\Program Files\\Katalon\\Katalon Projects\\TaskDay5_KatalonDataDrivenTesting_DendyIndriyoSaputro\\Reports\\20230527_205714\\TSuite02_Negative\\20230527_205714\\execution0.log"/>
         <property name="attachments" value=""/>
         <property name="hostName" value="Danang - DESKTOP-V3UDJBC"/>
         <property name="os" value="Windows 10 64bit"/>
         <property name="katalonVersion" value="8.6.0.208"/>
         <property name="browser" value="Chrome 113.0.0.0"/>
         <property name="hostAddress" value="192.168.100.4"/>
         <property name="sessionId" value="cc9de3045c89b0a40691f41f3222916d"/>
         <property name="seleniumVersion" value="3.141.59"/>
         <property name="proxyInformation" value="ProxyInformation { proxyOption=NO_PROXY, proxyServerType=HTTP, username=, password=********, proxyServerAddress=, proxyServerPort=0, executionList=&quot;&quot;, isApplyToDesiredCapabilities=true }"/>
         <property name="platform" value="Windows 10"/>
      </properties>
      <testcase name="Test Cases/TS_01_Login/TC_02_Login using lockedOutUser Username_Negative" time="4.599" classname="Test Cases/TS_01_Login/TC_02_Login using lockedOutUser Username_Negative" status="PASSED">
         <system-out><![CDATA[2023-05-27 20:57:15 - [TEST_CASE][PASSED] - Test Cases/TS_01_Login/TC_02_Login using lockedOutUser Username_Negative: Test Cases/TS_01_Login/TC_02_Login using lockedOutUser Username_Negative

2023-05-27 20:57:16 - [TEST_STEP][PASSED] - openBrowser(""): Browser is opened with url: ''

2023-05-27 20:57:16 - [MESSAGE][INFO] - Starting 'Chrome' driver

2023-05-27 20:57:16 - [MESSAGE][INFO] - Action delay is set to 0 milliseconds

2023-05-27 20:57:18 - [MESSAGE][PASSED] - Browser is opened with url: ''

2023-05-27 20:57:18 - [TEST_STEP][PASSED] - navigateToUrl("https://www.saucedemo.com/"): Navigate to 'https://www.saucedemo.com/' successfully

2023-05-27 20:57:18 - [MESSAGE][PASSED] - Navigate to 'https://www.saucedemo.com/' successfully

2023-05-27 20:57:18 - [TEST_STEP][PASSED] - setText(findTestObject("Object Repository/Login_Swag Labs/input_Swag Labs_user-name"), username): Text 'locked_out_user' is set on object 'Object Repository/Login_Swag Labs/input_Swag Labs_user-name'

2023-05-27 20:57:19 - [MESSAGE][PASSED] - Text 'locked_out_user' is set on object 'Object Repository/Login_Swag Labs/input_Swag Labs_user-name'

2023-05-27 20:57:19 - [TEST_STEP][PASSED] - setEncryptedText(findTestObject("Object Repository/Login_Swag Labs/input_Swag Labs_password"), password): Text ****** has been set on object 'Object Repository/Login_Swag Labs/input_Swag Labs_password'

2023-05-27 20:57:19 - [MESSAGE][PASSED] - Text ****** has been set on object 'Object Repository/Login_Swag Labs/input_Swag Labs_password'

2023-05-27 20:57:19 - [TEST_STEP][PASSED] - click(findTestObject("Object Repository/Login_Swag Labs/input_Swag Labs_login-button")): Object: 'Object Repository/Login_Swag Labs/input_Swag Labs_login-button' is clicked on

2023-05-27 20:57:20 - [MESSAGE][PASSED] - Object: 'Object Repository/Login_Swag Labs/input_Swag Labs_login-button' is clicked on

2023-05-27 20:57:20 - [TEST_STEP][PASSED] - verifyElementText(findTestObject("Object Repository/Login_Swag Labs/h3_Epic sadface Sorry, this user has been l_a91fd7"), "Epic sadface: Sorry, this user has been locked out."): Actual text and expected text of test object 'Object Repository/Login_Swag Labs/h3_Epic sadface Sorry, this user has been l_a91fd7' are matched.

2023-05-27 20:57:20 - [MESSAGE][PASSED] - Actual text and expected text of test object 'Object Repository/Login_Swag Labs/h3_Epic sadface Sorry, this user has been l_a91fd7' are matched.]]></system-out>
         <system-err><![CDATA[]]></system-err>
      </testcase>
      <testcase name="Test Cases/TS_03_Checkout/TC_07_Checkout using problemUser_Negative" time="11.367" classname="Test Cases/TS_03_Checkout/TC_07_Checkout using problemUser_Negative" status="PASSED">
         <system-out><![CDATA[2023-05-27 20:57:20 - [TEST_CASE][PASSED] - Test Cases/TS_03_Checkout/TC_07_Checkout using problemUser_Negative: Test Cases/TS_03_Checkout/TC_07_Checkout using problemUser_Negative

2023-05-27 20:57:20 - [TEST_STEP][PASSED] - openBrowser(""): Browser is opened with url: ''

2023-05-27 20:57:20 - [MESSAGE][WARNING] - A browser is already opened. Closing browser and opening a new one

2023-05-27 20:57:21 - [MESSAGE][INFO] - Starting 'Chrome' driver

2023-05-27 20:57:21 - [MESSAGE][INFO] - Action delay is set to 0 milliseconds

2023-05-27 20:57:22 - [MESSAGE][PASSED] - Browser is opened with url: ''

2023-05-27 20:57:22 - [TEST_STEP][PASSED] - navigateToUrl("https://www.saucedemo.com/"): Navigate to 'https://www.saucedemo.com/' successfully

2023-05-27 20:57:23 - [MESSAGE][PASSED] - Navigate to 'https://www.saucedemo.com/' successfully

2023-05-27 20:57:23 - [TEST_STEP][PASSED] - setText(findTestObject("Login_Swag Labs/input_Swag Labs_user-name"), username): Text 'problem_user' is set on object 'Object Repository/Login_Swag Labs/input_Swag Labs_user-name'

2023-05-27 20:57:23 - [MESSAGE][PASSED] - Text 'problem_user' is set on object 'Object Repository/Login_Swag Labs/input_Swag Labs_user-name'

2023-05-27 20:57:23 - [TEST_STEP][PASSED] - setEncryptedText(findTestObject("Login_Swag Labs/input_Swag Labs_password"), password): Text ****** has been set on object 'Object Repository/Login_Swag Labs/input_Swag Labs_password'

2023-05-27 20:57:24 - [MESSAGE][PASSED] - Text ****** has been set on object 'Object Repository/Login_Swag Labs/input_Swag Labs_password'

2023-05-27 20:57:24 - [TEST_STEP][PASSED] - click(findTestObject("Login_Swag Labs/input_Swag Labs_login-button")): Object: 'Object Repository/Login_Swag Labs/input_Swag Labs_login-button' is clicked on

2023-05-27 20:57:24 - [MESSAGE][PASSED] - Object: 'Object Repository/Login_Swag Labs/input_Swag Labs_login-button' is clicked on

2023-05-27 20:57:24 - [TEST_STEP][PASSED] - click(findTestObject("Object Repository/Main_Swag Labs/button_Add to cart")): Object: 'Object Repository/Main_Swag Labs/button_Add to cart' is clicked on

2023-05-27 20:57:25 - [MESSAGE][PASSED] - Object: 'Object Repository/Main_Swag Labs/button_Add to cart' is clicked on

2023-05-27 20:57:25 - [TEST_STEP][PASSED] - click(findTestObject("Object Repository/Main_Swag Labs/button_Add to cart_1")): Object: 'Object Repository/Main_Swag Labs/button_Add to cart_1' is clicked on

2023-05-27 20:57:25 - [MESSAGE][PASSED] - Object: 'Object Repository/Main_Swag Labs/button_Add to cart_1' is clicked on

2023-05-27 20:57:25 - [TEST_STEP][PASSED] - click(findTestObject("Object Repository/Main_Swag Labs/button_Add to cart_1_2")): Object: 'Object Repository/Main_Swag Labs/button_Add to cart_1_2' is clicked on

2023-05-27 20:57:26 - [MESSAGE][PASSED] - Object: 'Object Repository/Main_Swag Labs/button_Add to cart_1_2' is clicked on

2023-05-27 20:57:26 - [TEST_STEP][PASSED] - click(findTestObject("Main_Swag Labs/button_Add to cart_1_2_3")): Object: 'Object Repository/Main_Swag Labs/button_Add to cart_1_2_3' is clicked on

2023-05-27 20:57:26 - [MESSAGE][PASSED] - Object: 'Object Repository/Main_Swag Labs/button_Add to cart_1_2_3' is clicked on

2023-05-27 20:57:26 - [TEST_STEP][PASSED] - click(findTestObject("Main_Swag Labs/button_Add to cart_1_2_3_4")): Object: 'Object Repository/Main_Swag Labs/button_Add to cart_1_2_3_4' is clicked on

2023-05-27 20:57:26 - [MESSAGE][PASSED] - Object: 'Object Repository/Main_Swag Labs/button_Add to cart_1_2_3_4' is clicked on

2023-05-27 20:57:26 - [TEST_STEP][PASSED] - click(findTestObject("Main_Swag Labs/button_Add to cart_1_2_3_4_5")): Object: 'Object Repository/Main_Swag Labs/button_Add to cart_1_2_3_4_5' is clicked on

2023-05-27 20:57:27 - [MESSAGE][PASSED] - Object: 'Object Repository/Main_Swag Labs/button_Add to cart_1_2_3_4_5' is clicked on

2023-05-27 20:57:27 - [TEST_STEP][PASSED] - click(findTestObject("Main_Swag Labs/icon_shoppingCart")): Object: 'Object Repository/Main_Swag Labs/icon_shoppingCart' is clicked on

2023-05-27 20:57:27 - [MESSAGE][PASSED] - Object: 'Object Repository/Main_Swag Labs/icon_shoppingCart' is clicked on

2023-05-27 20:57:27 - [TEST_STEP][PASSED] - click(findTestObject("Object Repository/Main_Swag Labs/button_Checkout")): Object: 'Object Repository/Main_Swag Labs/button_Checkout' is clicked on

2023-05-27 20:57:28 - [MESSAGE][PASSED] - Object: 'Object Repository/Main_Swag Labs/button_Checkout' is clicked on

2023-05-27 20:57:28 - [TEST_STEP][PASSED] - setText(findTestObject("Checkout_Swag Labs/input_Checkout Your Information_firstName"), firstName): Text 'Roberto' is set on object 'Object Repository/Checkout_Swag Labs/input_Checkout Your Information_firstName'

2023-05-27 20:57:29 - [MESSAGE][PASSED] - Text 'Roberto' is set on object 'Object Repository/Checkout_Swag Labs/input_Checkout Your Information_firstName'

2023-05-27 20:57:29 - [TEST_STEP][PASSED] - setText(findTestObject("Checkout_Swag Labs/input_Checkout Your Information_lastName"), lastName): Text 'Carlos' is set on object 'Object Repository/Checkout_Swag Labs/input_Checkout Your Information_lastName'

2023-05-27 20:57:30 - [MESSAGE][PASSED] - Text 'Carlos' is set on object 'Object Repository/Checkout_Swag Labs/input_Checkout Your Information_lastName'

2023-05-27 20:57:30 - [TEST_STEP][PASSED] - setText(findTestObject("Checkout_Swag Labs/input_Checkout Your Information_postalCode"), postalCode): Text '54321' is set on object 'Object Repository/Checkout_Swag Labs/input_Checkout Your Information_postalCode'

2023-05-27 20:57:30 - [MESSAGE][PASSED] - Text '54321' is set on object 'Object Repository/Checkout_Swag Labs/input_Checkout Your Information_postalCode'

2023-05-27 20:57:30 - [TEST_STEP][PASSED] - click(findTestObject("Checkout_Swag Labs/input_Cancel_continue")): Object: 'Object Repository/Checkout_Swag Labs/input_Cancel_continue' is clicked on

2023-05-27 20:57:31 - [MESSAGE][PASSED] - Object: 'Object Repository/Checkout_Swag Labs/input_Cancel_continue' is clicked on

2023-05-27 20:57:31 - [TEST_STEP][PASSED] - verifyElementText(findTestObject("Checkout_Swag Labs/h3_Error Last Name is required"), "Error: Last Name is required"): Actual text and expected text of test object 'Object Repository/Checkout_Swag Labs/h3_Error Last Name is required' are matched.

2023-05-27 20:57:31 - [MESSAGE][PASSED] - Actual text and expected text of test object 'Object Repository/Checkout_Swag Labs/h3_Error Last Name is required' are matched.]]></system-out>
         <system-err><![CDATA[]]></system-err>
      </testcase>
      <system-out><![CDATA[2023-05-27 20:57:15 - [TEST_SUITE][PASSED] - TSuite02_Negative: Test Cases/TS_03_Checkout/TC_07_Checkout using problemUser_Negative]]></system-out>
      <system-err><![CDATA[]]></system-err>
   </testsuite>
</testsuites>
